12:13:07.865  INFO  manager.ApplicationManager - All tests run in Browser
12:13:11.005  INFO  manager.ApplicationManager - the link--->https://ilcarro.web.app/search
12:13:11.041  INFO  tests.TestBase - Name of method--->negativeSearch
12:13:11.044  INFO  manager.ListenerWD - before Find Element--->By.cssSelector: a.logo
12:13:11.084  INFO  manager.ListenerWD - After Find Element--->By.cssSelector: a.logo
12:13:11.101  INFO  manager.ListenerWD - Location (153, 16)
12:13:11.580  INFO  manager.ListenerWD - before Find Element--->By.id: city
12:13:11.608  INFO  manager.ListenerWD - After Find Element--->By.id: city
12:13:11.619  INFO  manager.ListenerWD - Location (153, 233)
12:13:11.831  INFO  manager.ListenerWD - before Find Element--->By.cssSelector: div.pac-item
12:13:12.540  INFO  manager.ListenerWD - After Find Element--->By.cssSelector: div.pac-item
12:13:12.540  INFO  manager.ListenerWD - Location (154, 278)
12:13:12.600  INFO  manager.ListenerWD - before Find Element--->By.id: dates
12:13:12.624  INFO  manager.ListenerWD - After Find Element--->By.id: dates
12:13:12.636  INFO  manager.ListenerWD - Location (153, 326)
12:13:12.696  INFO  manager.ListenerWD - before Find Element--->By.id: dates
12:13:12.711  INFO  manager.ListenerWD - After Find Element--->By.id: dates
12:13:12.732  INFO  manager.ListenerWD - Location (153, 326)
12:13:12.809  INFO  manager.ListenerWD - before Find Element--->By.cssSelector: button[aria-label= 'Next month']
12:13:12.846  INFO  manager.ListenerWD - After Find Element--->By.cssSelector: button[aria-label= 'Next month']
12:13:12.855  INFO  manager.ListenerWD - Location (404, 358)
12:13:12.932  INFO  manager.ListenerWD - before Find Element--->By.cssSelector: button[aria-label= 'Next month']
12:13:12.946  INFO  manager.ListenerWD - After Find Element--->By.cssSelector: button[aria-label= 'Next month']
12:13:12.965  INFO  manager.ListenerWD - Location (404, 360)
12:13:13.009  INFO  manager.ListenerWD - before Find Element--->By.cssSelector: button[aria-label= 'Next month']
12:13:13.027  INFO  manager.ListenerWD - After Find Element--->By.cssSelector: button[aria-label= 'Next month']
12:13:13.042  INFO  manager.ListenerWD - Location (404, 360)
12:13:13.093  INFO  manager.ListenerWD - before Find Element--->By.cssSelector: button[aria-label= 'Next month']
12:13:13.109  INFO  manager.ListenerWD - After Find Element--->By.cssSelector: button[aria-label= 'Next month']
12:13:13.124  INFO  manager.ListenerWD - Location (404, 360)
12:13:13.173  INFO  manager.ListenerWD - before Find Element--->By.cssSelector: button[aria-label= 'Next month']
12:13:13.191  INFO  manager.ListenerWD - After Find Element--->By.cssSelector: button[aria-label= 'Next month']
12:13:13.191  INFO  manager.ListenerWD - Location (404, 360)
12:13:13.240  INFO  manager.ListenerWD - before Find Element--->By.cssSelector: button[aria-label= 'Next month']
12:13:13.255  INFO  manager.ListenerWD - After Find Element--->By.cssSelector: button[aria-label= 'Next month']
12:13:13.255  INFO  manager.ListenerWD - Location (404, 360)
12:13:13.303  INFO  manager.ListenerWD - before Find Element--->By.cssSelector: button[aria-label= 'Next month']
12:13:13.319  INFO  manager.ListenerWD - After Find Element--->By.cssSelector: button[aria-label= 'Next month']
12:13:13.329  INFO  manager.ListenerWD - Location (404, 360)
12:13:13.365  INFO  manager.ListenerWD - before Find Element--->By.cssSelector: button[aria-label= 'Next month']
12:13:13.378  INFO  manager.ListenerWD - After Find Element--->By.cssSelector: button[aria-label= 'Next month']
12:13:13.378  INFO  manager.ListenerWD - Location (404, 360)
12:13:13.431  INFO  manager.ListenerWD - before Find Element--->By.cssSelector: button[aria-label= 'Next month']
12:13:13.444  INFO  manager.ListenerWD - After Find Element--->By.cssSelector: button[aria-label= 'Next month']
12:13:13.444  INFO  manager.ListenerWD - Location (404, 360)
12:13:13.490  INFO  manager.ListenerWD - before Find Element--->By.cssSelector: button[aria-label= 'Next month']
12:13:13.506  INFO  manager.ListenerWD - After Find Element--->By.cssSelector: button[aria-label= 'Next month']
12:13:13.515  INFO  manager.ListenerWD - Location (404, 360)
12:13:13.553  INFO  manager.ListenerWD - before Find Element--->By.cssSelector: button[aria-label= 'Next month']
12:13:13.560  INFO  manager.ListenerWD - After Find Element--->By.cssSelector: button[aria-label= 'Next month']
12:13:13.579  INFO  manager.ListenerWD - Location (404, 360)
12:13:13.614  INFO  manager.ListenerWD - before Find Element--->By.cssSelector: button[aria-label= 'Next month']
12:13:13.628  INFO  manager.ListenerWD - After Find Element--->By.cssSelector: button[aria-label= 'Next month']
12:13:13.642  INFO  manager.ListenerWD - Location (404, 360)
12:13:13.681  INFO  manager.ListenerWD - before Find Element--->By.cssSelector: button[aria-label= 'Next month']
12:13:13.695  INFO  manager.ListenerWD - After Find Element--->By.cssSelector: button[aria-label= 'Next month']
12:13:13.709  INFO  manager.ListenerWD - Location (404, 360)
12:13:13.728  INFO  manager.ListenerWD - before Find Element--->By.cssSelector: button[aria-label= 'Next month']
12:13:13.746  INFO  manager.ListenerWD - After Find Element--->By.cssSelector: button[aria-label= 'Next month']
12:13:13.746  INFO  manager.ListenerWD - Location (404, 360)
12:13:13.779  INFO  manager.ListenerWD - before Find Element--->By.cssSelector: button[aria-label= 'Next month']
12:13:13.793  INFO  manager.ListenerWD - After Find Element--->By.cssSelector: button[aria-label= 'Next month']
12:13:13.796  INFO  manager.ListenerWD - Location (404, 360)
12:13:13.829  INFO  manager.ListenerWD - before Find Element--->By.cssSelector: button[aria-label= 'Next month']
12:13:13.845  INFO  manager.ListenerWD - After Find Element--->By.cssSelector: button[aria-label= 'Next month']
12:13:13.845  INFO  manager.ListenerWD - Location (404, 360)
12:13:13.877  INFO  manager.ListenerWD - before Find Element--->By.cssSelector: button[aria-label= 'Next month']
12:13:13.896  INFO  manager.ListenerWD - After Find Element--->By.cssSelector: button[aria-label= 'Next month']
12:13:13.904  INFO  manager.ListenerWD - Location (404, 360)
12:13:13.909  INFO  manager.ListenerWD - before Find Element--->By.cssSelector: button[aria-label= 'Next month']
12:13:13.927  INFO  manager.ListenerWD - After Find Element--->By.cssSelector: button[aria-label= 'Next month']
12:13:13.945  INFO  manager.ListenerWD - Location (404, 360)
12:13:13.960  INFO  manager.ListenerWD - before Find Element--->By.cssSelector: button[aria-label= 'Next month']
12:13:13.976  INFO  manager.ListenerWD - After Find Element--->By.cssSelector: button[aria-label= 'Next month']
12:13:13.976  INFO  manager.ListenerWD - Location (404, 360)
12:13:14.011  INFO  manager.ListenerWD - before Find Element--->By.cssSelector: button[aria-label= 'Next month']
12:13:14.026  INFO  manager.ListenerWD - After Find Element--->By.cssSelector: button[aria-label= 'Next month']
12:13:14.028  INFO  manager.ListenerWD - Location (404, 360)
12:13:14.043  INFO  manager.ListenerWD - before Find Element--->By.cssSelector: button[aria-label= 'Next month']
12:13:14.060  INFO  manager.ListenerWD - After Find Element--->By.cssSelector: button[aria-label= 'Next month']
12:13:14.077  INFO  manager.ListenerWD - Location (404, 360)
12:13:14.094  INFO  manager.ListenerWD - before Find Element--->By.cssSelector: button[aria-label= 'Next month']
12:13:14.109  INFO  manager.ListenerWD - After Find Element--->By.cssSelector: button[aria-label= 'Next month']
12:13:14.109  INFO  manager.ListenerWD - Location (404, 360)
12:13:14.152  INFO  manager.ListenerWD - before Find Element--->By.cssSelector: button[aria-label= 'Next month']
12:13:14.170  INFO  manager.ListenerWD - After Find Element--->By.cssSelector: button[aria-label= 'Next month']
12:13:14.176  INFO  manager.ListenerWD - Location (404, 360)
12:13:14.192  INFO  manager.ListenerWD - before Find Element--->By.cssSelector: button[aria-label= 'Next month']
12:13:14.225  INFO  manager.ListenerWD - After Find Element--->By.cssSelector: button[aria-label= 'Next month']
12:13:14.235  INFO  manager.ListenerWD - Location (404, 360)
12:13:14.261  INFO  manager.ListenerWD - before Find Element--->By.cssSelector: button[aria-label= 'Next month']
12:13:14.283  INFO  manager.ListenerWD - After Find Element--->By.cssSelector: button[aria-label= 'Next month']
12:13:14.293  INFO  manager.ListenerWD - Location (404, 360)
12:13:14.309  INFO  manager.ListenerWD - before Find Element--->By.cssSelector: button[aria-label= 'Next month']
12:13:14.327  INFO  manager.ListenerWD - After Find Element--->By.cssSelector: button[aria-label= 'Next month']
12:13:14.327  INFO  manager.ListenerWD - Location (404, 360)
12:13:14.359  INFO  manager.ListenerWD - before Find Element--->By.cssSelector: button[aria-label= 'Next month']
12:13:14.376  INFO  manager.ListenerWD - After Find Element--->By.cssSelector: button[aria-label= 'Next month']
12:13:14.376  INFO  manager.ListenerWD - Location (404, 360)
12:13:14.405  INFO  manager.ListenerWD - before Find Element--->By.cssSelector: button[aria-label= 'Next month']
12:13:14.419  INFO  manager.ListenerWD - After Find Element--->By.cssSelector: button[aria-label= 'Next month']
12:13:14.425  INFO  manager.ListenerWD - Location (404, 360)
12:13:14.443  INFO  manager.ListenerWD - before Find Element--->By.xpath: //div[@class='ng-star-inserted']
12:13:14.469  INFO  manager.ListenerWD - After Find Element--->By.xpath: //div[@class='ng-star-inserted']
12:13:14.478  INFO  manager.ListenerWD - Location (153, 351)
12:13:14.478  INFO  manager.ListenerWD - before Find Element--->By.xpath: //div[@class='error ng-star-inserted']
12:13:14.492  INFO  manager.ListenerWD - After Find Element--->By.xpath: //div[@class='error ng-star-inserted']
12:13:14.492  INFO  manager.ListenerWD - Location (153, 351)
12:13:14.492  INFO  manager.ListenerWD - before Find Element--->By.xpath: //button[@type='submit']
12:13:14.508  INFO  manager.ListenerWD - After Find Element--->By.xpath: //button[@type='submit']
12:13:14.526  INFO  manager.ListenerWD - Location (153, 384)
